2020-09-09 21:21:38.944 [INFO] starting
2020-09-09 21:21:38.946 [DEBUG] listener opening at 2008
2020-09-09 21:21:38.955 [INFO] ticker begin
2020-09-09 21:21:38.955 [INFO] OgarII 1.3.6
2020-09-09 21:21:38.955 [INFO] gamemode: FFA
2020-09-09 21:21:38.956 [INFO] listener open at 2008
2020-09-09 21:21:39.945 [DEBUG] command stream open
2020-09-09 21:22:18.414 [ACCESS] REQUEST FROM ::1, not secure, Origin: https://agar.io
2020-09-09 21:22:18.414 [DEBUG] client verification passed
2020-09-09 21:22:18.418 [ACCESS] CONNECTION FROM ::1
2020-09-09 21:22:18.507 [DEBUG] added a player with id 1
2020-09-09 21:22:18.517 [DEBUG] added a player with id 2
2020-09-09 21:22:18.517 [DEBUG] player 2 has been added to world 1
2020-09-09 21:22:18.517 [DEBUG] added a player with id 3
2020-09-09 21:22:18.517 [DEBUG] player 3 has been added to world 1
2020-09-09 21:22:18.517 [DEBUG] added a player with id 4
2020-09-09 21:22:18.517 [DEBUG] player 4 has been added to world 1
2020-09-09 21:22:18.517 [DEBUG] added a player with id 5
2020-09-09 21:22:18.517 [DEBUG] player 5 has been added to world 1
2020-09-09 21:22:18.517 [DEBUG] added a player with id 6
2020-09-09 21:22:18.517 [DEBUG] player 6 has been added to world 1
2020-09-09 21:22:18.517 [DEBUG] added a player with id 7
2020-09-09 21:22:18.517 [DEBUG] player 7 has been added to world 1
2020-09-09 21:22:18.517 [DEBUG] added a player with id 8
2020-09-09 21:22:18.517 [DEBUG] player 8 has been added to world 1
2020-09-09 21:22:18.517 [DEBUG] added a player with id 9
2020-09-09 21:22:18.517 [DEBUG] player 9 has been added to world 1
2020-09-09 21:22:18.518 [DEBUG] added a player with id 10
2020-09-09 21:22:18.518 [DEBUG] player 10 has been added to world 1
2020-09-09 21:22:18.518 [DEBUG] added a player with id 11
2020-09-09 21:22:18.518 [DEBUG] player 11 has been added to world 1
2020-09-09 21:22:18.518 [DEBUG] added a world with id 1
2020-09-09 21:22:18.519 [DEBUG] player 1 has been added to world 1
2020-09-09 21:22:18.519 [DEBUG] added a player with id 12
2020-09-09 21:22:18.519 [DEBUG] player 12 has been added to world 1
2020-09-09 21:22:18.519 [DEBUG] added a player with id 13
2020-09-09 21:22:18.519 [DEBUG] player 13 has been added to world 1
2020-09-09 21:22:18.519 [DEBUG] added a player with id 14
2020-09-09 21:22:18.519 [DEBUG] player 14 has been added to world 1
2020-09-09 21:22:18.519 [DEBUG] added a player with id 15
2020-09-09 21:22:18.519 [DEBUG] player 15 has been added to world 1
2020-09-09 21:22:18.519 [DEBUG] added a player with id 16
2020-09-09 21:22:18.519 [DEBUG] player 16 has been added to world 1
2020-09-09 21:22:35.515 [DEBUG] connection from ::1 has disconnected
2020-09-09 21:22:35.550 [ACCESS] DISCONNECTION FROM ::1 (1001 '')
2020-09-09 21:22:35.550 [DEBUG] player 12 has been removed from world 1
2020-09-09 21:22:35.550 [DEBUG] removed player with id 12
2020-09-09 21:22:35.550 [DEBUG] player 13 has been removed from world 1
2020-09-09 21:22:35.550 [DEBUG] removed player with id 13
2020-09-09 21:22:35.550 [DEBUG] player 14 has been removed from world 1
2020-09-09 21:22:35.550 [DEBUG] removed player with id 14
2020-09-09 21:22:35.551 [DEBUG] player 15 has been removed from world 1
2020-09-09 21:22:35.551 [DEBUG] removed player with id 15
2020-09-09 21:22:35.551 [DEBUG] player 16 has been removed from world 1
2020-09-09 21:22:35.551 [DEBUG] removed player with id 16
2020-09-09 21:22:35.588 [DEBUG] player 1 has been removed from world 1
2020-09-09 21:22:35.588 [DEBUG] removed player with id 1
2020-09-09 21:22:35.589 [DEBUG] player 2 has been removed from world 1
2020-09-09 21:22:35.589 [DEBUG] player 3 has been removed from world 1
2020-09-09 21:22:35.589 [DEBUG] player 4 has been removed from world 1
2020-09-09 21:22:35.589 [DEBUG] player 5 has been removed from world 1
2020-09-09 21:22:35.589 [DEBUG] player 6 has been removed from world 1
2020-09-09 21:22:35.589 [DEBUG] player 7 has been removed from world 1
2020-09-09 21:22:35.589 [DEBUG] player 8 has been removed from world 1
2020-09-09 21:22:35.589 [DEBUG] player 9 has been removed from world 1
2020-09-09 21:22:35.589 [DEBUG] player 10 has been removed from world 1
2020-09-09 21:22:35.589 [DEBUG] player 11 has been removed from world 1
2020-09-09 21:22:35.620 [DEBUG] removed world with id 1
2020-09-09 21:22:35.620 [DEBUG] removed player with id 2
2020-09-09 21:22:35.620 [DEBUG] removed player with id 3
2020-09-09 21:22:35.620 [DEBUG] removed player with id 4
2020-09-09 21:22:35.620 [DEBUG] removed player with id 5
2020-09-09 21:22:35.620 [DEBUG] removed player with id 6
2020-09-09 21:22:35.620 [DEBUG] removed player with id 7
2020-09-09 21:22:35.620 [DEBUG] removed player with id 8
2020-09-09 21:22:35.620 [DEBUG] removed player with id 9
2020-09-09 21:22:35.620 [DEBUG] removed player with id 10
2020-09-09 21:22:35.620 [DEBUG] removed player with id 11
2020-09-09 21:22:53.675 [ACCESS] REQUEST FROM ::1, not secure, Origin: https://agar.io
2020-09-09 21:22:53.675 [DEBUG] client verification passed
2020-09-09 21:22:53.675 [ACCESS] CONNECTION FROM ::1
2020-09-09 21:22:53.683 [DEBUG] added a player with id 1
2020-09-09 21:22:53.707 [DEBUG] added a player with id 2
2020-09-09 21:22:53.707 [DEBUG] player 2 has been added to world 1
2020-09-09 21:22:53.707 [DEBUG] added a player with id 3
2020-09-09 21:22:53.707 [DEBUG] player 3 has been added to world 1
2020-09-09 21:22:53.707 [DEBUG] added a player with id 4
2020-09-09 21:22:53.707 [DEBUG] player 4 has been added to world 1
2020-09-09 21:22:53.707 [DEBUG] added a player with id 5
2020-09-09 21:22:53.707 [DEBUG] player 5 has been added to world 1
2020-09-09 21:22:53.707 [DEBUG] added a player with id 6
2020-09-09 21:22:53.707 [DEBUG] player 6 has been added to world 1
2020-09-09 21:22:53.707 [DEBUG] added a player with id 7
2020-09-09 21:22:53.707 [DEBUG] player 7 has been added to world 1
2020-09-09 21:22:53.707 [DEBUG] added a player with id 8
2020-09-09 21:22:53.707 [DEBUG] player 8 has been added to world 1
2020-09-09 21:22:53.707 [DEBUG] added a player with id 9
2020-09-09 21:22:53.707 [DEBUG] player 9 has been added to world 1
2020-09-09 21:22:53.707 [DEBUG] added a player with id 10
2020-09-09 21:22:53.707 [DEBUG] player 10 has been added to world 1
2020-09-09 21:22:53.707 [DEBUG] added a player with id 11
2020-09-09 21:22:53.707 [DEBUG] player 11 has been added to world 1
2020-09-09 21:22:53.707 [DEBUG] added a world with id 1
2020-09-09 21:22:53.707 [DEBUG] player 1 has been added to world 1
2020-09-09 21:22:53.707 [DEBUG] added a player with id 12
2020-09-09 21:22:53.707 [DEBUG] player 12 has been added to world 1
2020-09-09 21:22:53.707 [DEBUG] added a player with id 13
2020-09-09 21:22:53.707 [DEBUG] player 13 has been added to world 1
2020-09-09 21:22:53.707 [DEBUG] added a player with id 14
2020-09-09 21:22:53.707 [DEBUG] player 14 has been added to world 1
2020-09-09 21:22:53.707 [DEBUG] added a player with id 15
2020-09-09 21:22:53.707 [DEBUG] player 15 has been added to world 1
2020-09-09 21:22:53.707 [DEBUG] added a player with id 16
2020-09-09 21:22:53.707 [DEBUG] player 16 has been added to world 1
2020-09-09 21:23:36.194 [ACCESS] DISCONNECTION FROM ::1 (1003 'Maximum dormancy time exceeded')
2020-09-09 21:23:36.194 [DEBUG] player 12 has been removed from world 1
2020-09-09 21:23:36.194 [DEBUG] removed player with id 12
2020-09-09 21:23:36.194 [DEBUG] player 13 has been removed from world 1
2020-09-09 21:23:36.194 [DEBUG] removed player with id 13
2020-09-09 21:23:36.194 [DEBUG] player 14 has been removed from world 1
2020-09-09 21:23:36.194 [DEBUG] removed player with id 14
2020-09-09 21:23:36.194 [DEBUG] player 15 has been removed from world 1
2020-09-09 21:23:36.194 [DEBUG] removed player with id 15
2020-09-09 21:23:36.194 [DEBUG] player 16 has been removed from world 1
2020-09-09 21:23:36.194 [DEBUG] removed player with id 16
2020-09-09 21:23:36.234 [DEBUG] player 1 has been removed from world 1
2020-09-09 21:23:36.234 [DEBUG] removed player with id 1
2020-09-09 21:23:36.234 [DEBUG] player 2 has been removed from world 1
2020-09-09 21:23:36.234 [DEBUG] player 3 has been removed from world 1
2020-09-09 21:23:36.234 [DEBUG] player 4 has been removed from world 1
2020-09-09 21:23:36.234 [DEBUG] player 5 has been removed from world 1
2020-09-09 21:23:36.234 [DEBUG] player 6 has been removed from world 1
2020-09-09 21:23:36.235 [DEBUG] player 7 has been removed from world 1
2020-09-09 21:23:36.235 [DEBUG] player 8 has been removed from world 1
2020-09-09 21:23:36.235 [DEBUG] player 9 has been removed from world 1
2020-09-09 21:23:36.235 [DEBUG] player 10 has been removed from world 1
2020-09-09 21:23:36.235 [DEBUG] player 11 has been removed from world 1
2020-09-09 21:23:36.251 [DEBUG] removed world with id 1
2020-09-09 21:23:36.253 [DEBUG] removed player with id 2
2020-09-09 21:23:36.253 [DEBUG] removed player with id 3
2020-09-09 21:23:36.253 [DEBUG] removed player with id 4
2020-09-09 21:23:36.253 [DEBUG] removed player with id 5
2020-09-09 21:23:36.253 [DEBUG] removed player with id 6
2020-09-09 21:23:36.253 [DEBUG] removed player with id 7
2020-09-09 21:23:36.253 [DEBUG] removed player with id 8
2020-09-09 21:23:36.253 [DEBUG] removed player with id 9
2020-09-09 21:23:36.253 [DEBUG] removed player with id 10
2020-09-09 21:23:36.253 [DEBUG] removed player with id 11
2020-09-09 21:24:42.401 [ACCESS] REQUEST FROM ::1, not secure, Origin: https://agar.io
2020-09-09 21:24:42.402 [DEBUG] client verification passed
2020-09-09 21:24:42.402 [ACCESS] CONNECTION FROM ::1
2020-09-09 21:24:42.410 [DEBUG] added a player with id 1
2020-09-09 21:24:42.433 [DEBUG] added a player with id 2
2020-09-09 21:24:42.433 [DEBUG] player 2 has been added to world 1
2020-09-09 21:24:42.433 [DEBUG] added a player with id 3
2020-09-09 21:24:42.433 [DEBUG] player 3 has been added to world 1
2020-09-09 21:24:42.433 [DEBUG] added a player with id 4
2020-09-09 21:24:42.433 [DEBUG] player 4 has been added to world 1
2020-09-09 21:24:42.433 [DEBUG] added a player with id 5
2020-09-09 21:24:42.433 [DEBUG] player 5 has been added to world 1
2020-09-09 21:24:42.433 [DEBUG] added a player with id 6
2020-09-09 21:24:42.433 [DEBUG] player 6 has been added to world 1
2020-09-09 21:24:42.433 [DEBUG] added a player with id 7
2020-09-09 21:24:42.433 [DEBUG] player 7 has been added to world 1
2020-09-09 21:24:42.433 [DEBUG] added a player with id 8
2020-09-09 21:24:42.433 [DEBUG] player 8 has been added to world 1
2020-09-09 21:24:42.433 [DEBUG] added a player with id 9
2020-09-09 21:24:42.433 [DEBUG] player 9 has been added to world 1
2020-09-09 21:24:42.433 [DEBUG] added a player with id 10
2020-09-09 21:24:42.433 [DEBUG] player 10 has been added to world 1
2020-09-09 21:24:42.433 [DEBUG] added a player with id 11
2020-09-09 21:24:42.433 [DEBUG] player 11 has been added to world 1
2020-09-09 21:24:42.433 [DEBUG] added a world with id 1
2020-09-09 21:24:42.433 [DEBUG] player 1 has been added to world 1
2020-09-09 21:24:42.433 [DEBUG] added a player with id 12
2020-09-09 21:24:42.433 [DEBUG] player 12 has been added to world 1
2020-09-09 21:24:42.433 [DEBUG] added a player with id 13
2020-09-09 21:24:42.433 [DEBUG] player 13 has been added to world 1
2020-09-09 21:24:42.433 [DEBUG] added a player with id 14
2020-09-09 21:24:42.433 [DEBUG] player 14 has been added to world 1
2020-09-09 21:24:42.433 [DEBUG] added a player with id 15
2020-09-09 21:24:42.433 [DEBUG] player 15 has been added to world 1
2020-09-09 21:24:42.433 [DEBUG] added a player with id 16
2020-09-09 21:24:42.433 [DEBUG] player 16 has been added to world 1
2020-09-09 21:25:51.857 [DEBUG] connection from ::1 has disconnected
2020-09-09 21:25:51.883 [ACCESS] DISCONNECTION FROM ::1 (1001 '')
2020-09-09 21:25:51.883 [DEBUG] player 12 has been removed from world 1
2020-09-09 21:25:51.883 [DEBUG] removed player with id 12
2020-09-09 21:25:51.883 [DEBUG] player 13 has been removed from world 1
2020-09-09 21:25:51.883 [DEBUG] removed player with id 13
2020-09-09 21:25:51.883 [DEBUG] player 14 has been removed from world 1
2020-09-09 21:25:51.883 [DEBUG] removed player with id 14
2020-09-09 21:25:51.883 [DEBUG] player 15 has been removed from world 1
2020-09-09 21:25:51.883 [DEBUG] removed player with id 15
2020-09-09 21:25:51.884 [DEBUG] player 16 has been removed from world 1
2020-09-09 21:25:51.884 [DEBUG] removed player with id 16
